# Activity Log

## Run Summary
- 2026-03-10 08:43:57 | run=20260310-080338-45074 | iter=1 | mode=build | story=US-006 | duration=2419s | status=success
- 2026-03-10 01:59:43 | run=20260310-011544-23854 | iter=3 | mode=build | story=US-005 | duration=1139s | status=success
- 2026-03-10 01:40:42 | run=20260310-011544-23854 | iter=2 | mode=build | story=US-004 | duration=672s | status=success
- 2026-03-10 01:29:28 | run=20260310-011544-23854 | iter=1 | mode=build | story=US-003 | duration=824s | status=success
- 2026-03-10 01:05:36 | run=20260310-004306-16535 | iter=2 | mode=build | story=US-002 | duration=843s | status=success
- 2026-03-10 00:51:31 | run=20260310-004306-16535 | iter=1 | mode=build | story=US-001 | duration=505s | status=success

## Events

[2026-03-10 00:43:06] ITERATION 1 start (mode=build story=US-001)
[2026-03-10 00:45:29] Start US-001 work: auditing guardrails, errors, PRD, and repo context
[2026-03-10 00:49:17] US-001 major code changes: added runtime_config loader, canonical YAML config, and focused runtime config tests
[2026-03-10 00:49:50] US-001 verification: runtime config tests and full pytest passed; smoke command failed because alarm_hgt.train is not implemented yet
[2026-03-10 00:50:54] US-001 progress updated: recorded verification results, git blocker, and story outcome in .ralph/progress.md
[2026-03-10 00:51:31] ITERATION 1 end (duration=505s)
[2026-03-10 00:51:34] ITERATION 2 start (mode=build story=US-002)
[2026-03-10 00:55:28] US-002 audit complete: identified missing alarm_hgt.train entrypoint, config-relative path resolution, deterministic smoke artifact names, and negative-path CLI coverage
[2026-03-10 00:58:17] US-002 major code changes: added alarm_hgt.train CLI entrypoint, config-relative path resolution, deterministic smoke artifacts, configurable export paths, and subprocess CLI tests
[2026-03-10 01:00:57] US-002 verification: CLI subprocess tests passed, full pytest passed, and the smoke command recreated outputs/checkpoints and outputs/results with deterministic smoke artifacts
[2026-03-10 01:04:34] US-002 progress updated: recorded story commit, verification commands, and path-resolution learnings in .ralph/progress.md
[2026-03-10 01:05:36] ITERATION 2 end (duration=843s)
[2026-03-10 01:05:38] ITERATION 3 start (mode=build story=US-003)
[2026-03-10 01:15:44] ITERATION 1 start (mode=build story=US-003)
[2026-03-10 01:18:06] US-003 audit complete: identified missing epoch histories and missing hard-failure guards for empty-mask/non-finite loss batches
[2026-03-10 01:23:47] US-003 major code changes: added trainer-owned train_and_validate loop, finite-loss and empty-mask guards, configured metric adapter wiring, and train/val history artifact persistence
[2026-03-10 01:24:22] US-003 verification passed: targeted trainer/CLI tests, full pytest, and smoke pipeline run all succeeded with train_history.json and val_history.json artifacts
[2026-03-10 01:29:01] US-003 progress updated: recorded feature commit, verification commands, and trainer-loop learnings in .ralph/progress.md
[2026-03-10 01:29:28] ITERATION 1 end (duration=824s)
[2026-03-10 01:29:30] ITERATION 2 start (mode=build story=US-004)
[2026-03-10 01:31:18] Start US-004 iteration 2: audit checkpoint persistence and test evaluation flow
[2026-03-10 01:36:07] Implemented US-004 checkpoint persistence, reload-based test evaluation, and test metric validation
[2026-03-10 01:36:44] Verification passed for US-004: full pytest and smoke pipeline completed successfully
[2026-03-10 01:40:20] US-004 progress updated: recorded feature commit, verification commands, and checkpoint persistence learnings in .ralph/progress.md
[2026-03-10 01:40:42] ITERATION 2 end (duration=672s)
[2026-03-10 01:40:44] ITERATION 3 start (mode=build story=US-005)
[2026-03-10 01:51:31] Start US-005 iteration 3 audit and TDD setup
[2026-03-10 01:54:20] Implemented runtime design compliance validation and added US-005 regression tests
[2026-03-10 01:55:33] Verification passed for US-005: targeted tests, full pytest, and smoke pipeline completed successfully
[2026-03-10 01:58:34] US-005 progress updated with design-compliance validation, verification commands, and runtime masking learnings
[2026-03-10 01:59:43] ITERATION 3 end (duration=1139s)
[2026-03-10 08:03:38] ITERATION 1 start (mode=build story=US-006)
[2026-03-10 08:40:20] US-006 code changes: representative smoke sampling, weighted masked BCE, calibrated test thresholding, and smoke acceptance gating implemented
[2026-03-10 08:40:20] US-006 start: smoke-threshold stabilization work began
[2026-03-10 08:40:20] US-006 verification passed: targeted smoke tests, full pytest, and default smoke CLI gate all passed
[2026-03-10 08:43:03] US-006 progress updated with code commit d7a376f, run summary, and verification details
[2026-03-10 08:43:57] ITERATION 1 end (duration=2419s)
[2026-03-10 08:43:59] ITERATION 2 start (mode=build story=US-007)
[2026-03-10 08:52:50] US-007 major code change: added persisted completion artifact verification and CLI gate tests
[2026-03-10 08:53:50] US-007 verification complete: miso pytest and smoke CLI quality gates passed
[2026-03-10 08:57:12] US-007 progress log updated; final progress sync commit pending
